{"C:\\Users\\etera\\OneDrive\\Belgeler\\GitHub\\locventure\\src\\assets\\letsgetstarted.png": {"path":"C:\\Users\\etera\\OneDrive\\Belgeler\\GitHub\\locventure\\src\\assets\\letsgetstarted.png","statementMap":{"0":{"start":{"line":1,"column":0},"end":{"line":4,"column":6}}},"fnMap":{},"branchMap":{},"s":{"0":1},"f":{},"b":{},"_coverageSchema":"1a1c01bbd47fc00a2c39e90264f33305004495a9","hash":"6551681acb50f6386224c40c2e0ccff839a13f25"}
,"C:\\Users\\etera\\OneDrive\\Belgeler\\GitHub\\locventure\\src\\components\\DefButton.tsx": {"path":"C:\\Users\\etera\\OneDrive\\Belgeler\\GitHub\\locventure\\src\\components\\DefButton.tsx","statementMap":{"0":{"start":{"line":8,"column":29},"end":{"line":14,"column":1}},"1":{"start":{"line":9,"column":4},"end":{"line":13,"column":6}},"2":{"start":{"line":18,"column":15},"end":{"line":34,"column":2}}},"fnMap":{"0":{"name":"(anonymous_0)","decl":{"start":{"line":8,"column":29},"end":{"line":8,"column":30}},"loc":{"start":{"line":8,"column":53},"end":{"line":14,"column":1}},"line":8}},"branchMap":{},"s":{"0":2,"1":10,"2":2},"f":{"0":10},"b":{},"_coverageSchema":"1a1c01bbd47fc00a2c39e90264f33305004495a9","hash":"75fbe29ea94197bf995f44b9145783dfc41010ce"}
,"C:\\Users\\etera\\OneDrive\\Belgeler\\GitHub\\locventure\\src\\components\\Event.tsx": {"path":"C:\\Users\\etera\\OneDrive\\Belgeler\\GitHub\\locventure\\src\\components\\Event.tsx","statementMap":{"0":{"start":{"line":17,"column":36},"end":{"line":41,"column":1}},"1":{"start":{"line":18,"column":21},"end":{"line":18,"column":36}},"2":{"start":{"line":20,"column":27},"end":{"line":22,"column":3}},"3":{"start":{"line":21,"column":4},"end":{"line":21,"column":57}},"4":{"start":{"line":24,"column":2},"end":{"line":40,"column":4}},"5":{"start":{"line":43,"column":15},"end":{"line":66,"column":2}}},"fnMap":{"0":{"name":"(anonymous_0)","decl":{"start":{"line":17,"column":36},"end":{"line":17,"column":37}},"loc":{"start":{"line":17,"column":51},"end":{"line":41,"column":1}},"line":17},"1":{"name":"(anonymous_1)","decl":{"start":{"line":20,"column":27},"end":{"line":20,"column":28}},"loc":{"start":{"line":20,"column":33},"end":{"line":22,"column":3}},"line":20}},"branchMap":{},"s":{"0":1,"1":0,"2":0,"3":0,"4":0,"5":1},"f":{"0":0,"1":0},"b":{},"_coverageSchema":"1a1c01bbd47fc00a2c39e90264f33305004495a9","hash":"3adc5be25a953c44dbece40f3b7b8e20b80f45d8"}
,"C:\\Users\\etera\\OneDrive\\Belgeler\\GitHub\\locventure\\src\\components\\EventDetail.tsx": {"path":"C:\\Users\\etera\\OneDrive\\Belgeler\\GitHub\\locventure\\src\\components\\EventDetail.tsx","statementMap":{"0":{"start":{"line":14,"column":48},"end":{"line":68,"column":1}},"1":{"start":{"line":15,"column":22},"end":{"line":15,"column":40}},"2":{"start":{"line":16,"column":28},"end":{"line":16,"column":47}},"3":{"start":{"line":17,"column":21},"end":{"line":17,"column":36}},"4":{"start":{"line":19,"column":2},"end":{"line":41,"column":16}},"5":{"start":{"line":20,"column":30},"end":{"line":33,"column":5}},"6":{"start":{"line":21,"column":6},"end":{"line":32,"column":7}},"7":{"start":{"line":22,"column":25},"end":{"line":22,"column":70}},"8":{"start":{"line":23,"column":33},"end":{"line":23,"column":53}},"9":{"start":{"line":24,"column":8},"end":{"line":29,"column":9}},"10":{"start":{"line":26,"column":10},"end":{"line":26,"column":44}},"11":{"start":{"line":28,"column":10},"end":{"line":28,"column":46}},"12":{"start":{"line":31,"column":8},"end":{"line":31,"column":62}},"13":{"start":{"line":35,"column":4},"end":{"line":35,"column":24}},"14":{"start":{"line":38,"column":4},"end":{"line":40,"column":6}},"15":{"start":{"line":43,"column":23},"end":{"line":45,"column":3}},"16":{"start":{"line":44,"column":4},"end":{"line":44,"column":24}},"17":{"start":{"line":47,"column":2},"end":{"line":53,"column":3}},"18":{"start":{"line":48,"column":4},"end":{"line":52,"column":6}},"19":{"start":{"line":55,"column":2},"end":{"line":67,"column":4}},"20":{"start":{"line":70,"column":15},"end":{"line":87,"column":2}}},"fnMap":{"0":{"name":"(anonymous_0)","decl":{"start":{"line":14,"column":48},"end":{"line":14,"column":49}},"loc":{"start":{"line":14,"column":63},"end":{"line":68,"column":1}},"line":14},"1":{"name":"(anonymous_1)","decl":{"start":{"line":19,"column":12},"end":{"line":19,"column":13}},"loc":{"start":{"line":19,"column":18},"end":{"line":41,"column":3}},"line":19},"2":{"name":"(anonymous_2)","decl":{"start":{"line":20,"column":30},"end":{"line":20,"column":31}},"loc":{"start":{"line":20,"column":42},"end":{"line":33,"column":5}},"line":20},"3":{"name":"(anonymous_3)","decl":{"start":{"line":38,"column":11},"end":{"line":38,"column":12}},"loc":{"start":{"line":38,"column":17},"end":{"line":40,"column":5}},"line":38},"4":{"name":"(anonymous_4)","decl":{"start":{"line":43,"column":23},"end":{"line":43,"column":24}},"loc":{"start":{"line":43,"column":29},"end":{"line":45,"column":3}},"line":43}},"branchMap":{"0":{"loc":{"start":{"line":15,"column":22},"end":{"line":15,"column":40}},"type":"binary-expr","locations":[{"start":{"line":15,"column":22},"end":{"line":15,"column":34}},{"start":{"line":15,"column":38},"end":{"line":15,"column":40}}],"line":15},"1":{"loc":{"start":{"line":24,"column":8},"end":{"line":29,"column":9}},"type":"if","locations":[{"start":{"line":24,"column":8},"end":{"line":29,"column":9}},{"start":{"line":27,"column":15},"end":{"line":29,"column":9}}],"line":24},"2":{"loc":{"start":{"line":47,"column":2},"end":{"line":53,"column":3}},"type":"if","locations":[{"start":{"line":47,"column":2},"end":{"line":53,"column":3}},{"start":{},"end":{}}],"line":47},"3":{"loc":{"start":{"line":62,"column":7},"end":{"line":64,"column":7}},"type":"binary-expr","locations":[{"start":{"line":62,"column":7},"end":{"line":62,"column":29}},{"start":{"line":63,"column":8},"end":{"line":63,"column":81}}],"line":62}},"s":{"0":1,"1":1,"2":1,"3":1,"4":1,"5":1,"6":1,"7":1,"8":0,"9":0,"10":0,"11":0,"12":1,"13":1,"14":1,"15":1,"16":0,"17":1,"18":1,"19":0,"20":1},"f":{"0":1,"1":1,"2":1,"3":1,"4":0},"b":{"0":[1,0],"1":[0,0],"2":[1,0],"3":[0,0]},"_coverageSchema":"1a1c01bbd47fc00a2c39e90264f33305004495a9","hash":"edd55eb92fd1bcb78cf5b82654e7421d7ae652bc"}
,"C:\\Users\\etera\\OneDrive\\Belgeler\\GitHub\\locventure\\src\\screens\\HomePage.tsx": {"path":"C:\\Users\\etera\\OneDrive\\Belgeler\\GitHub\\locventure\\src\\screens\\HomePage.tsx","statementMap":{"0":{"start":{"line":8,"column":27},"end":{"line":98,"column":1}},"1":{"start":{"line":9,"column":46},"end":{"line":9,"column":65}},"2":{"start":{"line":10,"column":38},"end":{"line":10,"column":57}},"3":{"start":{"line":11,"column":44},"end":{"line":11,"column":64}},"4":{"start":{"line":12,"column":42},"end":{"line":12,"column":62}},"5":{"start":{"line":13,"column":21},"end":{"line":13,"column":36}},"6":{"start":{"line":15,"column":2},"end":{"line":63,"column":21}},"7":{"start":{"line":16,"column":26},"end":{"line":31,"column":5}},"8":{"start":{"line":17,"column":6},"end":{"line":30,"column":7}},"9":{"start":{"line":18,"column":28},"end":{"line":18,"column":46}},"10":{"start":{"line":19,"column":8},"end":{"line":27,"column":9}},"11":{"start":{"line":20,"column":25},"end":{"line":20,"column":40}},"12":{"start":{"line":21,"column":26},"end":{"line":21,"column":90}},"13":{"start":{"line":22,"column":27},"end":{"line":22,"column":41}},"14":{"start":{"line":23,"column":10},"end":{"line":26,"column":11}},"15":{"start":{"line":24,"column":12},"end":{"line":24,"column":49}},"16":{"start":{"line":25,"column":12},"end":{"line":25,"column":47}},"17":{"start":{"line":29,"column":8},"end":{"line":29,"column":65}},"18":{"start":{"line":33,"column":24},"end":{"line":59,"column":5}},"19":{"start":{"line":34,"column":6},"end":{"line":58,"column":7}},"20":{"start":{"line":35,"column":19},"end":{"line":35,"column":39}},"21":{"start":{"line":36,"column":25},"end":{"line":36,"column":60}},"22":{"start":{"line":37,"column":28},"end":{"line":37,"column":38}},"23":{"start":{"line":39,"column":35},"end":{"line":39,"column":37}},"24":{"start":{"line":40,"column":31},"end":{"line":40,"column":33}},"25":{"start":{"line":42,"column":8},"end":{"line":52,"column":11}},"26":{"start":{"line":43,"column":28},"end":{"line":43,"column":57}},"27":{"start":{"line":44,"column":28},"end":{"line":44,"column":73}},"28":{"start":{"line":46,"column":10},"end":{"line":48,"column":11}},"29":{"start":{"line":47,"column":12},"end":{"line":47,"column":93}},"30":{"start":{"line":49,"column":10},"end":{"line":51,"column":11}},"31":{"start":{"line":50,"column":12},"end":{"line":50,"column":89}},"32":{"start":{"line":54,"column":8},"end":{"line":54,"column":46}},"33":{"start":{"line":55,"column":8},"end":{"line":55,"column":38}},"34":{"start":{"line":57,"column":8},"end":{"line":57,"column":70}},"35":{"start":{"line":61,"column":4},"end":{"line":61,"column":20}},"36":{"start":{"line":62,"column":4},"end":{"line":62,"column":18}},"37":{"start":{"line":65,"column":23},"end":{"line":68,"column":3}},"38":{"start":{"line":66,"column":4},"end":{"line":66,"column":33}},"39":{"start":{"line":67,"column":4},"end":{"line":67,"column":31}},"40":{"start":{"line":70,"column":2},"end":{"line":97,"column":4}},"41":{"start":{"line":81,"column":36},"end":{"line":81,"column":43}},"42":{"start":{"line":82,"column":38},"end":{"line":82,"column":60}},"43":{"start":{"line":89,"column":36},"end":{"line":89,"column":43}},"44":{"start":{"line":90,"column":38},"end":{"line":90,"column":60}},"45":{"start":{"line":100,"column":15},"end":{"line":136,"column":2}}},"fnMap":{"0":{"name":"(anonymous_0)","decl":{"start":{"line":8,"column":27},"end":{"line":8,"column":28}},"loc":{"start":{"line":8,"column":33},"end":{"line":98,"column":1}},"line":8},"1":{"name":"(anonymous_1)","decl":{"start":{"line":15,"column":12},"end":{"line":15,"column":13}},"loc":{"start":{"line":15,"column":18},"end":{"line":63,"column":3}},"line":15},"2":{"name":"(anonymous_2)","decl":{"start":{"line":16,"column":26},"end":{"line":16,"column":27}},"loc":{"start":{"line":16,"column":38},"end":{"line":31,"column":5}},"line":16},"3":{"name":"(anonymous_3)","decl":{"start":{"line":33,"column":24},"end":{"line":33,"column":25}},"loc":{"start":{"line":33,"column":36},"end":{"line":59,"column":5}},"line":33},"4":{"name":"(anonymous_4)","decl":{"start":{"line":42,"column":25},"end":{"line":42,"column":26}},"loc":{"start":{"line":42,"column":34},"end":{"line":52,"column":9}},"line":42},"5":{"name":"(anonymous_5)","decl":{"start":{"line":65,"column":23},"end":{"line":65,"column":24}},"loc":{"start":{"line":65,"column":29},"end":{"line":68,"column":3}},"line":65},"6":{"name":"(anonymous_6)","decl":{"start":{"line":81,"column":26},"end":{"line":81,"column":27}},"loc":{"start":{"line":81,"column":36},"end":{"line":81,"column":43}},"line":81},"7":{"name":"(anonymous_7)","decl":{"start":{"line":82,"column":24},"end":{"line":82,"column":25}},"loc":{"start":{"line":82,"column":38},"end":{"line":82,"column":60}},"line":82},"8":{"name":"(anonymous_8)","decl":{"start":{"line":89,"column":26},"end":{"line":89,"column":27}},"loc":{"start":{"line":89,"column":36},"end":{"line":89,"column":43}},"line":89},"9":{"name":"(anonymous_9)","decl":{"start":{"line":90,"column":24},"end":{"line":90,"column":25}},"loc":{"start":{"line":90,"column":38},"end":{"line":90,"column":60}},"line":90}},"branchMap":{"0":{"loc":{"start":{"line":19,"column":8},"end":{"line":27,"column":9}},"type":"if","locations":[{"start":{"line":19,"column":8},"end":{"line":27,"column":9}},{"start":{},"end":{}}],"line":19},"1":{"loc":{"start":{"line":23,"column":10},"end":{"line":26,"column":11}},"type":"if","locations":[{"start":{"line":23,"column":10},"end":{"line":26,"column":11}},{"start":{},"end":{}}],"line":23},"2":{"loc":{"start":{"line":46,"column":10},"end":{"line":48,"column":11}},"type":"if","locations":[{"start":{"line":46,"column":10},"end":{"line":48,"column":11}},{"start":{},"end":{}}],"line":46},"3":{"loc":{"start":{"line":46,"column":14},"end":{"line":46,"column":78}},"type":"binary-expr","locations":[{"start":{"line":46,"column":14},"end":{"line":46,"column":38}},{"start":{"line":46,"column":42},"end":{"line":46,"column":78}}],"line":46},"4":{"loc":{"start":{"line":49,"column":10},"end":{"line":51,"column":11}},"type":"if","locations":[{"start":{"line":49,"column":10},"end":{"line":51,"column":11}},{"start":{},"end":{}}],"line":49},"5":{"loc":{"start":{"line":49,"column":14},"end":{"line":49,"column":77}},"type":"binary-expr","locations":[{"start":{"line":49,"column":14},"end":{"line":49,"column":37}},{"start":{"line":49,"column":41},"end":{"line":49,"column":77}}],"line":49}},"s":{"0":1,"1":5,"2":5,"3":5,"4":5,"5":5,"6":5,"7":5,"8":5,"9":5,"10":0,"11":0,"12":0,"13":0,"14":0,"15":0,"16":0,"17":5,"18":5,"19":5,"20":5,"21":0,"22":0,"23":0,"24":0,"25":0,"26":0,"27":0,"28":0,"29":0,"30":0,"31":0,"32":0,"33":0,"34":5,"35":5,"36":5,"37":5,"38":0,"39":0,"40":5,"41":0,"42":0,"43":0,"44":0,"45":1},"f":{"0":5,"1":5,"2":5,"3":5,"4":0,"5":0,"6":0,"7":0,"8":0,"9":0},"b":{"0":[0,0],"1":[0,0],"2":[0,0],"3":[0,0],"4":[0,0],"5":[0,0]},"_coverageSchema":"1a1c01bbd47fc00a2c39e90264f33305004495a9","hash":"4c3f725aa0455aad8dee26ceadc5250adec047ec"}
,"C:\\Users\\etera\\OneDrive\\Belgeler\\GitHub\\locventure\\src\\screens\\LetsGetStarted.tsx": {"path":"C:\\Users\\etera\\OneDrive\\Belgeler\\GitHub\\locventure\\src\\screens\\LetsGetStarted.tsx","statementMap":{"0":{"start":{"line":5,"column":33},"end":{"line":20,"column":1}},"1":{"start":{"line":6,"column":21},"end":{"line":6,"column":36}},"2":{"start":{"line":8,"column":2},"end":{"line":19,"column":4}},"3":{"start":{"line":14,"column":50},"end":{"line":14,"column":79}},"4":{"start":{"line":16,"column":50},"end":{"line":16,"column":78}},"5":{"start":{"line":22,"column":15},"end":{"line":49,"column":2}}},"fnMap":{"0":{"name":"(anonymous_0)","decl":{"start":{"line":5,"column":33},"end":{"line":5,"column":34}},"loc":{"start":{"line":5,"column":39},"end":{"line":20,"column":1}},"line":5},"1":{"name":"(anonymous_1)","decl":{"start":{"line":14,"column":44},"end":{"line":14,"column":45}},"loc":{"start":{"line":14,"column":50},"end":{"line":14,"column":79}},"line":14},"2":{"name":"(anonymous_2)","decl":{"start":{"line":16,"column":44},"end":{"line":16,"column":45}},"loc":{"start":{"line":16,"column":50},"end":{"line":16,"column":78}},"line":16}},"branchMap":{},"s":{"0":1,"1":4,"2":4,"3":0,"4":0,"5":1},"f":{"0":4,"1":0,"2":0},"b":{},"_coverageSchema":"1a1c01bbd47fc00a2c39e90264f33305004495a9","hash":"a81ac6d77b8b09384d6fe49c4841115688dfbc73"}
,"C:\\Users\\etera\\OneDrive\\Belgeler\\GitHub\\locventure\\src\\screens\\SearchScreen.tsx": {"path":"C:\\Users\\etera\\OneDrive\\Belgeler\\GitHub\\locventure\\src\\screens\\SearchScreen.tsx","statementMap":{"0":{"start":{"line":5,"column":31},"end":{"line":87,"column":1}},"1":{"start":{"line":6,"column":38},"end":{"line":6,"column":58}},"2":{"start":{"line":7,"column":44},"end":{"line":7,"column":63}},"3":{"start":{"line":8,"column":46},"end":{"line":8,"column":68}},"4":{"start":{"line":10,"column":2},"end":{"line":14,"column":9}},"5":{"start":{"line":12,"column":33},"end":{"line":12,"column":35}},"6":{"start":{"line":13,"column":4},"end":{"line":13,"column":44}},"7":{"start":{"line":16,"column":23},"end":{"line":39,"column":3}},"8":{"start":{"line":17,"column":4},"end":{"line":38,"column":5}},"9":{"start":{"line":18,"column":6},"end":{"line":37,"column":7}},"10":{"start":{"line":19,"column":19},"end":{"line":19,"column":30}},"11":{"start":{"line":20,"column":25},"end":{"line":20,"column":60}},"12":{"start":{"line":21,"column":27},"end":{"line":21,"column":84}},"13":{"start":{"line":21,"column":53},"end":{"line":21,"column":82}},"14":{"start":{"line":24,"column":31},"end":{"line":26,"column":9}},"15":{"start":{"line":25,"column":10},"end":{"line":25,"column":74}},"16":{"start":{"line":28,"column":8},"end":{"line":28,"column":41}},"17":{"start":{"line":31,"column":8},"end":{"line":31,"column":73}},"18":{"start":{"line":31,"column":42},"end":{"line":31,"column":71}},"19":{"start":{"line":36,"column":8},"end":{"line":36,"column":70}},"20":{"start":{"line":41,"column":30},"end":{"line":45,"column":3}},"21":{"start":{"line":43,"column":4},"end":{"line":43,"column":26}},"22":{"start":{"line":47,"column":21},"end":{"line":60,"column":3}},"23":{"start":{"line":48,"column":4},"end":{"line":59,"column":23}},"24":{"start":{"line":62,"column":2},"end":{"line":86,"column":4}},"25":{"start":{"line":68,"column":30},"end":{"line":68,"column":49}},"26":{"start":{"line":74,"column":30},"end":{"line":74,"column":37}},"27":{"start":{"line":80,"column":36},"end":{"line":80,"column":83}},"28":{"start":{"line":81,"column":41},"end":{"line":81,"column":57}},"29":{"start":{"line":89,"column":15},"end":{"line":135,"column":2}}},"fnMap":{"0":{"name":"(anonymous_0)","decl":{"start":{"line":5,"column":31},"end":{"line":5,"column":32}},"loc":{"start":{"line":5,"column":37},"end":{"line":87,"column":1}},"line":5},"1":{"name":"(anonymous_1)","decl":{"start":{"line":10,"column":12},"end":{"line":10,"column":13}},"loc":{"start":{"line":10,"column":18},"end":{"line":14,"column":3}},"line":10},"2":{"name":"(anonymous_2)","decl":{"start":{"line":16,"column":23},"end":{"line":16,"column":24}},"loc":{"start":{"line":16,"column":35},"end":{"line":39,"column":3}},"line":16},"3":{"name":"(anonymous_3)","decl":{"start":{"line":21,"column":45},"end":{"line":21,"column":46}},"loc":{"start":{"line":21,"column":53},"end":{"line":21,"column":82}},"line":21},"4":{"name":"(anonymous_4)","decl":{"start":{"line":24,"column":49},"end":{"line":24,"column":50}},"loc":{"start":{"line":25,"column":10},"end":{"line":25,"column":74}},"line":25},"5":{"name":"(anonymous_5)","decl":{"start":{"line":31,"column":26},"end":{"line":31,"column":27}},"loc":{"start":{"line":31,"column":42},"end":{"line":31,"column":71}},"line":31},"6":{"name":"(anonymous_6)","decl":{"start":{"line":41,"column":30},"end":{"line":41,"column":31}},"loc":{"start":{"line":41,"column":36},"end":{"line":45,"column":3}},"line":41},"7":{"name":"(anonymous_7)","decl":{"start":{"line":47,"column":21},"end":{"line":47,"column":22}},"loc":{"start":{"line":48,"column":4},"end":{"line":59,"column":23}},"line":48},"8":{"name":"(anonymous_8)","decl":{"start":{"line":68,"column":22},"end":{"line":68,"column":23}},"loc":{"start":{"line":68,"column":30},"end":{"line":68,"column":49}},"line":68},"9":{"name":"(anonymous_9)","decl":{"start":{"line":74,"column":22},"end":{"line":74,"column":23}},"loc":{"start":{"line":74,"column":30},"end":{"line":74,"column":37}},"line":74},"10":{"name":"(anonymous_10)","decl":{"start":{"line":80,"column":22},"end":{"line":80,"column":23}},"loc":{"start":{"line":80,"column":36},"end":{"line":80,"column":83}},"line":80},"11":{"name":"(anonymous_11)","decl":{"start":{"line":81,"column":24},"end":{"line":81,"column":25}},"loc":{"start":{"line":81,"column":41},"end":{"line":81,"column":57}},"line":81}},"branchMap":{"0":{"loc":{"start":{"line":17,"column":4},"end":{"line":38,"column":5}},"type":"if","locations":[{"start":{"line":17,"column":4},"end":{"line":38,"column":5}},{"start":{},"end":{}}],"line":17}},"s":{"0":1,"1":7,"2":7,"3":7,"4":7,"5":3,"6":3,"7":7,"8":0,"9":0,"10":0,"11":0,"12":0,"13":0,"14":0,"15":0,"16":0,"17":0,"18":0,"19":0,"20":7,"21":0,"22":7,"23":0,"24":7,"25":1,"26":0,"27":0,"28":0,"29":1},"f":{"0":7,"1":3,"2":0,"3":0,"4":0,"5":0,"6":0,"7":0,"8":1,"9":0,"10":0,"11":0},"b":{"0":[0,0]},"_coverageSchema":"1a1c01bbd47fc00a2c39e90264f33305004495a9","hash":"bb708d44b6906c49b5e67540298fba1ac820ce66"}
}
